0:	
1:	
2:	
3:	
4:	
5:	
6:	
7:	
8:	
9:	
10:	
11:	
12:	
13:	
14:	
15:	
16:	
17:	
18:	
19:	
20:	
21:	
22:	
23:	
24:	
25:	
26:	
27:	
28:	
29:	
30:	
31:	
32:	
33:	
34:	
35:	
36:	
37:	
38:	
39:	
40:	
41:	
42:	
43:	
44:	
45:	
46:	
47:	
48:	
49:	
50:	
51:	
52:	
53:	
54:	
55:	
56:	
57:	
58:	
59:	
60:	
61:	
62:	
63:	
64:	
65:	Aaron, Ababa, Abner, Abram, Accra, Acton, Adair, Adams, Addis, Adele, Adler, Aesop, Aggie, Agnes, Agnew, Agway, Aides, Aiken, Ainus, Aires, Akers, Akron, Alamo, Alcoa, Alden, Aleck, Aleut, Alger, ALGOL, Algol, Alice, Allah, Allan, Allen, Allis, Allyn, Alsop, Alton, Altos, Alvin, Amiga, Amman, Amoco, Ampex, Andes, Andre, Angie, Anglo, Angus, Anita, Annie, Anton, Appia, April, Arabs, Araby, Arden, Argos, Argus, Aries, Arlen, Armco, Artie, Aruba, Aryan, ASCII, Asher, Asian, Assam, Aston, Astor, Atari, Avery, Ayers, Aztec, 
66:	Babel, Babka, Babul, Baden, Baird, Bairn, Bambi, Banks, Bantu, Barry, Barth, Basel, BASIC, Basic, Basie, Bates, Bator, Bauer, Bayda, Bayes, Becky, Beebe, Bella, Benny, Berea, Berra, Betsy, Bette, Betty, Bible, Biggs, Bilbo, Bizet, Blair, Blake, Blatz, Blinn, Bloch, Boers, Boise, Boone, Boris, Bosch, Bowen, Bowes, Boyce, Boyle, Brady, Bragg, Braun, Brent, Brest, Brett, Brian, Brice, Brien, Brock, Bronx, Bruce, Bruno, Bryan, Bryce, Bucky, Buena, Buick, Bulba, Bundy, Burch, Burke, Burma, Burne, Burtt, Busch, Byers, Byrne, Byron, 
67:	Cabot, Caine, Cairo, Cajun, Caleb, Canis, Capet, Cappy, Carey, Carib, Carla, Carlo, Carty, Casey, Cathy, Cecil, Celia, Ceres, Cetus, Chang, Cheng, Chevy, Chile, China, Ching, Chloe, Chris, Cindy, Circe, Clara, Clare, Clark, Claus, Clint, Clive, Clyde, COBOL, Cobol, Cohen, Colby, Congo, Cooke, Coors, Corey, Costa, Cowan, Craig, Crays, Creon, Crete, Croix, Cuban, Cupid, Cuzco, Cyril, Cyrus, Czech, 
68:	Dacca, Dakar, Daley, Damon, Danes, Danny, Dante, DARPA, Darry, David, Davie, Davis, Deane, Debby, Debra, Decca, Deere, Defoe, Delft, Delhi, Delia, Della, Deneb, Denny, Derek, Devon, Dewey, Dhabi, Diana, Diane, Diego, Dietz, Dijon, Dinah, Dirac, Dixie, Dixon, Dobbs, Dolan, Donna, Doria, Doric, Doris, Downs, Doyle, Draco, Drury, Duane, Dubhe, Duffy, Dugan, Dunne, Durer, Dutch, Dwyer, Dylan, 
69:	Eagan, Eaton, Ecole, Eddie, Edgar, Edith, Edwin, Effie, Egypt, Eldon, Elena, Elgin, Eliot, Ellen, Ellie, Ellis, Elmer, Elroy, Elsie, Elton, Elvis, Emery, Emile, Emily, Emory, Engel, Engle, Enoch, Epsom, Erato, Erich, Ernie, Ernst, Errol, Ervin, Erwin, Essen, Essex, Estes, Ethan, Ethel, Euler, Evans, Ewing, Exxon, 
70:	Faber, Fagin, Fahey, Fanny, Fargo, Faust, Felix, Fermi, Fidel, Finns, Fiori, Fiske, Fitch, Floyd, Flynn, Foley, Foote, FORTH, Franz, Freud, Freya, Frick, Frito, Fritz, Fuchs, 
71:	Gabon, Galen, Garry, Garth, Gates, Gauls, Gavin, Geary, Geigy, Gemma, Genoa, Geoff, Gerry, Getty, Ghana, Ghent, Gibbs, Gibby, Giles, Gipsy, Glenn, Glynn, Godot, Golda, Gomez, Goode, Goren, Gorky, GOTOs, Gouda, Gould, Grady, Graff, Greek, Greer, Gregg, Greta, Grimm, Groot, 
72:	Habib, Hades, Hafiz, Hagen, Hager, Hague, Haifa, Haiti, Haley, Hamal, Hamey, Haney, Hanna, Hanoi, Harpy, Hausa, Haydn, Hayes, Healy, Hedda, Hegel, Heine, Heinz, Helen, Helga, Henri, Hesse, Hetty, Hiatt, Hicks, Hindi, Hindu, Hines, Hiram, Hirey, Hobbs, Hokan, Holst, Honda, Hondo, Horus, Huber, Huron, Hurst, Hyman, 
73:	Ibsen, Idaho, Iliad, Ilona, Incas, India, Indus, Injun, Inman, Intel, Iraqi, Irene, Irish, Irvin, Irwin, Isaac, Ising, Islam, Italy, Izaak, 
74:	Jacky, Jacob, Jaime, Jakes, James, Janet, Janis, Janos, Janus, Japan, Jason, Jello, Jeres, Jerry, Jesse, Jessy, Jesus, Jinny, Johns, Jolla, Jonas, Jones, Jorge, Josef, Joyce, Jubal, Judas, Judea, Jukes, Jules, Julia, Julie, Julio, Junes, Juras, 
75:	Kabul, Kafka, Kajar, Karen, Karol, Kathy, Katie, Keats, Keith, Kelly, Kenny, Kenya, Kevin, Keyes, Khmer, Kidde, Kiowa, Kirby, Kirov, Klaus, Klein, Kline, Knapp, Knott, Knuth, Kodak, Koran, Korea, Krebs, Kruse, Kuala, Kumar, Kyoto, 
76:	Laban, Lacey, Lagos, Lamar, Lange, Lanka, Lares, Larry, LaTeX, Latin, Leary, Leeds, Leger, Leigh, Leila, Lemke, Lenin, Lenny, Leona, Leone, Leroy, Lethe, Levin, Levis, Libya, Lilly, Liman, Linda, Lindy, Linus, Linux, Lizzy, Lloyd, Locke, Logan, Loire, Lopez, Loren, Lotte, Louis, Lowry, Lucas, Lucia, Luzon, L'vov, Lydia, Lykes, Lyman, Lyons, 
77:	Mabel, Macon, Mafia, Magog, Maier, Maine, Malay, Malta, Maori, Marco, Marcy, Mardi, Margo, Marie, Marin, Mario, Marks, Marty, Mateo, Maude, Mavis, Mayer, Mazda, McCoy, McGee, McKay, McKee, Mecca, Medea, Meier, Meiji, Menlo, Merck, Merle, Meyer, Miami, Micky, Midas, Milan, Miles, Mills, Milne, Minos, Minsk, Missy, Mitch, MITRE, Mizar, Mobil, Molly, Monet, Monty, Moore, Moors, Moran, Morse, Moser, Moses, Moyer, Mundt, Muong, Muzak, Myers, Myron, 
78:	Nadia, Nancy, Naomi, NASAs, NATOs, Nazis, Negro, Nehru, Nepal, Niger, Nikko, Niobe, Nixon, Nobel, Nolan, Norma, Norse, Notre, Novak, Noyes, Nubia, 
79:	Occam, Ogden, Olsen, Olson, Omaha, Orion, Orono, Osaka, Oscar, Owens, Ozark, Ozzie, 
80:	Pablo, Pabst, Paine, Paoli, Papua, Paris, Parke, Parks, Parrs, Parsi, Patsy, Patti, Paula, Pauli, Paulo, Payne, Peale, Pease, Pecos, Pedro, Peggy, Pepsi, Percy, Perez, Perle, Perry, Perth, Peter, PHIGS, Piotr, Piper, Plato, Pliny, Pluto, Ponce, Poole, Popek, Porte, Porto, Potts, Prado, Pratt, Priam, Punic, Pusan, Pusey, Pyotr, Pyrex, 
81:	Qatar, Quinn, Quito, 
82:	Rabat, Rabin, Ralph, Raman, Raoul, Reese, Regis, Reich, Remus, Renee, Rhine, Rhoda, Rhode, Rican, Rigel, Riggs, Riley, Rilke, Rocco, Roger, Roman, Romeo, Rosen, Rosie, Rossi, Royce, Ruben, Rubin, Rufus, Runge, Russo, Ryder, 
83:	Sachs, Sadie, Salem, Salle, Sally, Sammy, Samoa, Santa, Santo, Sarah, Saran, Satan, Saudi, Sault, Savoy, Saxon, Scala, Scots, Scott, Sears, Selma, Seoul, Sepoy, Serra, Shari, Shiva, Shoji, Siena, Sikhs, Silas, Simla, Simms, Simon, Sinai, Sino-, Sioux, Slavs, Sloan, Snead, Sneed, Soddy, Sofia, Solly, Solon, Sousa, Spahn, Spain, SPARC, Spica, Spiro, Spitz, Spuds, Stacy, Stahl, Stans, Starr, Steen, Steve, Stone, Stowe, Strom, Sturm, Sudan, Susan, Susie, Swede, Swink, Sybil, Sykes, Sylow, Synge, Syria, 
84:	Tahoe, Tamil, Tampa, Tanya, Teddy, Telex, TENEX, Tenex, Terra, Terre, Texan, Texas, Thule, Tiber, Tibet, Tieck, Timex, Timmy, Timon, Tioga, Titan, Titus, Tokyo, Tonio, Topsy, Torah, Tosca, Tracy, Trudy, Tudor, Tulsa, Tunis, Turin, Tyler, Tyson, 
85:	Udall, Upton, Utica, 
86:	Vaduz, Vance, VAXes, Vegas, Vella, Venus, Verde, Verdi, Verna, Verne, Vichy, Vicky, Vidal, Vince, Vinci, Virgo, Vitus, Vogel, Volta, Volvo, 
87:	Waals, Wacke, Waite, Waldo, Walls, Walsh, Watts, Wayne, Weeks, Weiss, Welch, Wells, Wendy, Wiley, Willa, Wills, Willy, Wilma, Wolfe, Wolff, Woods, Wotan, Wuhan, Wyatt, Wyeth, Wylie, Wyman, Wyner, 
88:	Xebec, Xenia, Xenix, Xerox, Xhosa, 
89:	Yalta, Yaqui, Yates, Yeats, Yemen, Yentl, Yoder, Yukon, 
90:	Zaire, Zeiss, Ziggy, Zions, Zomba, Zulus, 
91:	
92:	
93:	
94:	
95:	
96:	
97:	aback, abaft, abase, abash, abate, abbey, abbot, abets, abhor, abide, abler, abode, abort, about, above, abuse, abuts, abyss, ached, aches, acids, acorn, acres, acrid, acted, actor, acute, adage, adapt, added, adder, adept, adieu, admit, admix, adobe, adopt, adore, adorn, adult, aegis, affix, afire, afoot, afore, afoul, after, again, agape, agate, agent, agers, agile, aging, aglow, agony, agree, ahead, aided, aimed, aimer, aired, airer, aisle, alarm, album, alder, alert, algae, alias, alibi, alien, align, alike, alive, alkyl, allay, alley, allot, allow, alloy, aloes, aloft, aloha, alone, along, aloof, aloud, alpha, altar, alter, amain, amass, amaze, amber, amble, amend, amide, amigo, amino, amiss, amity, among, amour, ample, amply, amuse, angel, anger, angle, angry, angst, anion, anise, ankle, annal, annex, annoy, annul, annum, anode, antic, anvil, aorta, apace, apart, aphid, aping, apish, apple, apply, apron, apsis, aptly, arbor, arced, ardor, areas, arena, argon, argot, argue, arise, armed, armer, armor, aroma, arose, array, arrow, arson, ascot, ashen, ashes, aside, asked, asker, askew, aspen, aspic, assay, asses, asset, aster, atlas, atoll, atoms, atone, attic, audio, audit, auger, aught, augur, aunts, aural, auras, autos, avail, avant, avers, avert, avian, avoid, avows, await, awake, award, aware, awash, awful, awoke, axers, axial, axing, axiom, axles, axons, azure, 
98:	babes, backs, bacon, badge, badly, bagel, baggy, baits, baked, baker, bakes, baler, bales, balks, balky, balls, balms, balmy, balsa, banal, bands, bandy, bangs, banjo, barbs, bards, bared, barer, bares, barge, barks, barns, baron, basal, based, baser, bases, basic, basil, basin, basis, baste, batch, bathe, baths, baton, bawdy, bawls, bayed, bayou, beach, beads, beady, beaks, beams, beans, beard, bears, beast, beats, beaus, beech, beefs, beefy, beeps, beers, beets, befit, befog, began, beget, begin, begot, begun, beige, being, belay, belch, belie, belle, bells, belly, below, belts, bench, bends, beret, berne, berry, berth, beryl, beset, bests, betel, bevel, bicep, biddy, bight, bigot, bikes, bilge, bilks, bills, binds, binge, bingo, biota, biped, birch, birds, birth, bison, bitch, biter, bites, blabs, black, blade, blame, bland, blank, blare, blase, blast, blaze, bleak, blear, bleat, bleed, blend, bless, blimp, blind, blink, blips, bliss, blitz, bloat, blobs, block, blocs, bloke, blond, blood, bloom, blots, blown, blows, bluer, blues, bluff, blunt, blurb, blurs, blurt, blush, board, boast, boats, bobby, bodes, bogus, boils, bolts, bombs, bonds, boned, boner, bones, bonny, bonus, booby, books, booms, boors, boost, booth, boots, booty, booze, borax, bored, borer, bores, boric, borne, boron, bosom, bosun, botch, bough, bound, bouts, bowed, bowel, bower, bowls, boxed, boxer, boxes, brace, braes, brags, braid, brain, brake, brand, brash, brass, brats, brave, bravo, brawl, brawn, brays, braze, bread, break, breed, breve, brews, briar, bribe, brick, bride, brief, brier, brigs, brine, bring, brink, briny, brisk, broad, broil, broke, brood, brook, broom, broth, brown, brows, brunt, brush, brute, bucks, buddy, budge, buffs, buggy, bugle, build, built, bulbs, bulge, bulks, bulky, bulls, bully, bumps, bunch, bunks, bunny, bunts, buoys, burly, burns, burnt, burps, burrs, bursa, burst, bused, buses, bushy, busts, butte, butts, butyl, buxom, buyer, buzzy, bylaw, bytes, byway, 
99:	cabal, cabin, cable, cache, cacti, cafes, caged, cager, cages, cairn, caked, cakes, calls, calms, calve, camel, camps, canal, candy, caner, canny, canoe, canon, canto, caper, capes, cards, cared, cares, caret, cargo, carol, carry, carts, carve, cased, cases, casks, caste, casts, catch, cater, caulk, cause, caved, caves, cavil, cease, cedar, ceded, cells, cents, chafe, chaff, chain, chair, chalk, chant, chaos, chaps, charm, chars, chart, chase, chasm, cheap, cheat, check, cheek, cheer, chefs, chess, chest, chews, chick, chide, chief, child, chili, chill, chime, chink, chins, chips, chirp, chock, choir, choke, chops, chord, chore, chose, chuck, chunk, churn, chute, cider, cigar, cilia, circa, cited, cites, civet, civic, civil, claim, clamp, clams, clang, clank, claps, clash, clasp, class, claws, clays, clean, clear, cleft, clerk, click, cliff, climb, clime, cling, clink, clips, cloak, clock, clods, clogs, clone, close, cloth, cloud, clout, clove, clown, clubs, cluck, clues, clump, clung, coach, coals, coast, coats, cobra, cocks, cocky, cocoa, coded, coder, codes, coils, coins, cokes, colds, colon, color, colts, combs, comer, comes, comet, comic, comma, cones, conic, cooks, cooky, cools, coons, coops, coped, copes, copra, copse, coral, cords, cored, corer, cores, corks, corns, corny, corps, costs, couch, cough, could, count, court, cover, coves, covet, cowed, cower, cowls, coypu, crabs, crack, craft, crags, cramp, crams, crane, crank, crash, crass, crate, crave, crawl, craze, crazy, creak, cream, creed, creek, creep, crepe, crept, crest, crews, cribs, cried, crier, cries, crime, crisp, croak, crock, croft, crook, crops, cross, crowd, crown, crows, crude, cruel, crumb, crush, crust, crypt, cubed, cubes, cubic, cuffs, culls, culpa, cults, curbs, cured, cures, curls, curly, curry, curse, curve, cusps, cycle, cynic, cysts, 
100:	daddy, daily, dairy, daisy, dales, damns, dance, dandy, dared, darer, dares, darns, darts, dated, dater, dates, datum, daunt, dawns, dazed, deals, dealt, deans, death, debar, debit, debts, debug, decal, decay, decks, decoy, deeds, deems, deeps, defer, deify, deign, deity, delay, dells, delta, delve, demon, demur, dense, dents, depot, depth, derby, desks, deter, deuce, devil, dials, diary, dicky, diets, digit, dikes, dildo, dimes, dimly, dined, diner, dines, dingo, dingy, diode, dirge, dirts, dirty, discs, disks, ditch, ditto, ditty, divan, dived, diver, dives, dizzy, docks, dodge, doers, dogma, doing, doled, doles, dolls, dolly, domed, domes, donor, dooms, doors, doped, doper, dopes, dosed, doses, doted, dotes, doubt, dough, dover, doves, dowel, downy, dowry, dozed, dozen, dozes, draft, drags, drain, drake, drama, drank, drape, drawl, drawn, draws, dread, dream, dregs, dress, dried, drier, dries, drift, drill, drily, drink, drips, drive, droll, drone, drool, droop, drops, drove, drown, drugs, drums, drunk, dryly, duchy, ducks, ducts, duels, dukes, dulls, dully, dummy, dumps, dunce, dunes, dusky, dusts, dusty, dwarf, dwell, dwelt, dyers, dying, 
101:	eager, eagle, eared, earls, early, earns, earth, eased, easel, eases, eaten, eater, eaves, ebony, edged, edges, edict, edits, eerie, egged, eight, eject, elbow, elder, elect, elegy, elide, elite, elope, elude, elves, emacs, embed, ember, emits, empty, enact, ended, ender, endow, enema, enemy, enjoy, ennui, ensue, enter, entry, envoy, epics, epoch, equal, equip, erase, erect, erode, erred, error, erupt, essay, ether, ethic, evade, evens, event, every, evict, evils, evoke, exact, exalt, exams, excel, exert, exile, exist, exits, expel, extol, extra, exult, eyers, eying, 
102:	fable, faced, faces, facet, facto, facts, faded, fader, fades, fails, faint, fairs, fairy, faith, faked, faker, fakes, falls, false, famed, fames, fancy, fangs, farad, farce, fared, fares, farms, fasts, fatal, fated, fates, fatty, fault, fauna, favor, fawns, fears, feast, feats, feeds, feels, feign, felon, felts, femur, fence, ferns, ferry, fetal, fetch, fetid, fetus, feuds, fever, fewer, fiber, field, fiend, fiery, fifth, fifty, fight, filed, filer, files, fills, filly, films, filth, final, finds, fined, finer, fines, finny, fired, firer, fires, firms, first, fishy, fists, fitly, fives, fixed, fixer, fixes, flack, flags, flail, flair, flake, flaky, flame, flank, flaps, flare, flash, flask, flats, flaws, fleas, flees, fleet, flesh, flick, flier, flies, fling, flint, flips, flirt, float, flock, flood, floor, flops, flora, floss, flour, flown, flows, fluff, fluid, fluke, flung, flush, flute, flyer, foams, foamy, focal, focus, foggy, foils, foist, folds, folks, folly, fonts, foods, fools, foray, force, fords, forge, forks, forms, forte, forts, forty, forum, fouls, found, fount, fours, fowls, foxes, frail, frame, franc, frank, fraud, frays, freak, freed, freer, frees, freon, fresh, friar, fried, fries, frill, frisk, frock, frogs, front, frost, froth, frown, froze, fruit, fudge, fuels, fugue, fully, fumed, fumes, funds, fungi, funny, furry, fused, fuses, fussy, fuzzy, 
103:	gable, gaily, gains, galls, gamed, games, gamma, gangs, gaped, gapes, gases, gasps, gassy, gated, gator, gaudy, gauge, gaunt, gauze, gavel, gawky, gayer, gayly, gazed, gazer, gazes, gears, gecko, geese, genes, genie, genre, genus, germs, ghost, giant, giddy, gifts, gilds, gills, girls, girth, given, giver, gives, glade, gland, glare, glass, glaze, gleam, glean, glees, glens, glide, glint, gloat, globe, gloom, glory, gloss, glove, glows, glued, glues, gnash, gnats, gnaws, gnome, goals, goats, godly, going, golds, golly, goner, gongs, goods, goody, goofs, goofy, goose, gorge, gouge, gourd, gowns, grabs, grace, grade, graft, grail, grain, grams, grand, grant, grape, graph, grasp, grass, grate, grave, gravy, graze, great, greed, green, greet, grids, grief, grill, grime, grind, grins, gripe, grips, grist, grits, groan, groin, groom, grope, gross, group, grove, growl, grown, grows, grubs, gruff, grunt, guano, guard, guess, guest, guide, guild, guile, guilt, guise, gulch, gulfs, gulls, gully, gulps, gunny, gusto, gusts, gusty, gutsy, guyed, guyer, gypsy, 
104:	habit, hacks, hails, hairs, hairy, haler, halls, halts, halve, hands, handy, hangs, haply, hardy, harem, hares, harms, harry, harsh, haste, hasty, hatch, hated, hater, hates, hauls, haunt, haven, haves, havoc, hawks, hazel, hazes, heads, heals, heaps, heard, hears, heart, heats, heave, heavy, hedge, heeds, heels, hefty, heirs, helix, hells, helps, hence, herbs, herds, heres, heron, hertz, hewed, hewer, hides, hiked, hiker, hikes, hills, hilts, hinge, hints, hippo, hired, hirer, hires, hitch, hoard, hoary, hobby, hoist, holds, holed, holes, holly, homed, homer, homes, honed, honer, hones, honey, honor, hoods, hoofs, hooks, hoops, hoots, hoped, hopes, horde, horns, horny, horse, hoses, hosts, hotel, hotly, hound, hours, house, hovel, hover, howls, hulls, human, humid, humor, hunch, hunks, hunts, hurry, hurts, husks, husky, hutch, hydra, hydro, hyena, hymen, hymns, hyper, 
105:	icing, icons, ideal, ideas, idiom, idiot, idled, idler, idles, idols, igloo, image, impel, imply, inane, incur, index, inept, inert, infer, infix, infra, ingot, inked, inker, inlay, inlet, inner, input, inset, inter, irate, irked, irons, irony, isles, islet, issue, items, ivies, ivory, 
106:	jaded, jails, jaunt, jazzy, jeans, jeeps, jeers, jelly, jenny, jerks, jerky, jests, jewel, jiffy, joins, joint, joked, joker, jokes, jolly, jolts, joule, joust, judge, juice, juicy, jumbo, jumps, jumpy, junks, junky, junta, juror, 
107:	kanji, kappa, keels, keeps, keyed, kicks, kills, kinds, kings, kinky, kiosk, kited, kites, kitty, knack, knave, knead, kneed, kneel, knees, knell, knelt, knife, knits, knobs, knock, knoll, knots, known, knows, koala, 
108:	label, labor, laced, laces, lacks, laden, ladle, lager, lairs, lakes, lambs, lamed, lames, lamps, lance, lands, lanes, lapel, lapse, large, larks, larva, laser, lasso, lasts, latch, later, lathe, laugh, lawns, layer, lazed, leads, leafy, leaks, leaky, leans, leaps, leapt, learn, lease, leash, least, leave, ledge, leech, leery, legal, lemma, lemon, lends, leper, levee, level, lever, liars, libel, licks, liege, liens, lifer, lifts, light, liked, liken, likes, lilac, limbo, limbs, limes, limit, limps, lined, linen, liner, lines, lingo, links, lions, lisps, lists, liter, lithe, lived, liver, lives, livid, loads, loans, loath, lobby, lobes, local, locks, locus, lodge, lofts, lofty, logic, login, loins, loner, longs, looks, looms, loops, loose, loots, lords, lorry, loser, loses, lossy, lotus, louse, lousy, loved, lover, loves, lower, lowly, loyal, lucid, lucks, lucky, lulls, lumps, lumpy, lunar, lunch, lungs, lurch, lured, lures, lurks, lusts, lusty, lutes, lying, lymph, lynch, lyric, 
109:	maced, maces, macho, macro, madam, madly, magic, magna, maids, mails, maims, mains, maize, major, maker, makes, males, malts, mamma, manes, mania, manic, manly, manor, maple, march, mares, marry, marsh, marts, masks, mason, masts, match, mated, mater, mates, maxim, maybe, mayor, mazes, meals, mealy, means, meant, meats, meaty, medal, media, medic, meets, melon, melts, memos, mends, menus, mercy, merge, merit, merry, meson, messy, metal, meted, meter, metes, metro, mewed, micro, midst, might, milks, milky, mimic, mince, minds, mined, miner, mines, minis, minks, minor, mints, minus, mired, mires, mirth, miser, mists, misty, miter, mixed, mixer, mixes, mixup, moans, moats, mocks, modal, model, modem, modes, modus, moist, molar, molds, moles, mommy, money, monks, month, moods, moody, moons, moose, moped, moral, mores, moron, mossy, motel, motif, motor, motto, mould, mound, mount, mourn, mouse, mousy, mouth, moved, mover, moves, movie, mowed, mower, mucus, muddy, muffs, mules, multi, mummy, munch, mural, murky, mused, muses, mushy, music, musks, musts, musty, muted, 
110:	nabla, nadir, nails, naive, naked, named, namer, names, nasal, nasty, natal, naval, navel, nears, necks, needs, needy, neigh, nerve, nests, never, newer, newly, nicer, niche, nicks, niece, nifty, night, nines, ninth, nitty, noble, nobly, nodal, nodes, noise, noisy, nonce, nooks, noons, noose, norms, north, nosed, noses, notch, noted, notes, nouns, novel, nudge, nulls, numbs, nurse, nylon, nymph, 
111:	oaken, oases, oasis, oaten, oaths, obese, obeys, occur, ocean, octal, octet, odder, oddly, odium, odors, offer, often, oiled, oiler, olden, older, olive, omega, omens, omits, onion, onset, oozed, opals, opens, opera, opium, opted, optic, orbit, order, organ, other, otter, ought, ounce, outdo, outer, ovals, ovary, ovens, overt, owing, owned, owner, oxide, ozone, 
112:	paced, pacer, paces, packs, pacts, paddy, pagan, paged, pager, pages, pails, pains, paint, pairs, paled, paler, pales, palms, palsy, panda, panel, panes, pangs, panic, pansy, pants, panty, papal, paper, parch, pares, parry, parse, parts, party, passe, paste, pasts, patch, paten, paths, patio, patty, pause, paved, paves, pawns, payed, payer, peace, peach, peaks, peals, pearl, pears, pecks, pedal, peeks, peels, peeps, peers, pelts, penal, pence, pends, penis, penny, peony, peppy, perch, peril, perky, pests, petal, petri, petty, phase, phone, phony, photo, phyla, piano, picas, picks, picky, piece, piers, piety, piggy, piker, pikes, piled, piles, pills, pilot, pinch, pined, pines, pinks, pinto, pints, pious, piped, pipes, pique, pitch, pithy, pivot, pixel, pizza, place, plaid, plain, plait, plane, plank, plans, plant, plate, plays, plaza, plead, pleas, pleat, plied, plies, plots, plows, ploys, pluck, plugs, plumb, plume, plump, plums, plunk, plush, poach, podia, poems, poets, point, poise, poked, poker, pokes, polar, poled, poles, polio, polka, polls, ponds, pooch, pools, poppy, porch, pored, pores, ports, posed, poser, poses, posit, posse, posts, pouch, pound, pours, pouts, power, prank, prate, preen, press, preys, price, prick, pride, prima, prime, print, prior, prism, privy, prize, probe, prone, prong, proof, props, prose, proud, prove, prowl, prows, proxy, prune, psalm, psych, puffs, pulls, pulse, pumps, punch, punts, pupil, puppy, purer, purge, purrs, purse, pussy, putty, pygmy, 
113:	quack, quaff, quail, quake, qualm, quark, quart, quash, quasi, queen, queer, quell, query, quest, queue, quick, quiet, quill, quilt, quint, quirk, quite, quits, quota, quote, quoth, 
114:	rabbi, rabid, raced, racer, races, racks, radar, radii, radio, radix, radon, rafts, raged, rages, raids, rails, rains, rainy, raise, raked, rakes, rally, ramps, ranch, randy, range, rangy, ranks, rants, raped, raper, rapes, rapid, rarer, rasps, rated, rater, rates, ratio, raved, raven, raves, rawer, rawly, razor, reach, react, reads, ready, realm, reals, reaps, rears, rebel, recta, recur, redly, reeds, reefs, reels, refer, regal, reign, reins, relax, relay, relic, remit, renal, rends, renew, rents, repay, repel, reply, rerun, reset, resin, rests, retch, retry, reuse, revel, rhino, rhyme, rider, rides, ridge, rifle, right, rigid, rigor, rinds, rings, rinse, riots, ripen, risen, riser, rises, risks, risky, rites, rival, river, rivet, roach, roads, roams, roars, roast, robed, robes, robin, robot, rocks, rocky, rodeo, rogue, roles, rolls, romps, roofs, rooms, roomy, roost, roots, roped, roper, ropes, roses, rotor, rouge, rough, round, rouse, route, roved, rover, roves, rowdy, rowed, rower, royal, ruble, ruddy, ruins, ruled, ruler, rules, rumen, rummy, rumor, rungs, rupee, rural, rusts, rusty, 
115:	saber, sable, sacks, sadly, safer, safes, sages, sails, saint, sakes, salad, sales, salon, salts, salty, salve, sands, sandy, saner, sated, sates, satin, satyr, sauce, saucy, saved, saver, saves, savor, sawed, sayer, scald, scale, scalp, scaly, scans, scant, scare, scarf, scars, scary, scene, scent, scoff, scold, scoop, scoot, scope, score, scorn, scour, scout, scowl, scram, scrap, screw, scrub, scuba, seals, sealy, seams, seamy, seats, sects, sedan, sedge, seeds, seedy, seeks, seems, seeps, seers, seize, sells, sends, sense, sepia, serfs, serif, serum, serve, servo, setup, seven, sever, sewed, sewer, sexed, sexes, shack, shade, shady, shaft, shake, shaky, shale, shall, shame, shams, shape, shard, share, shark, sharp, shave, shawl, sheaf, shear, sheds, sheen, sheep, sheer, sheet, sheik, shelf, shell, shied, shies, shift, shill, shine, shiny, ships, shire, shirk, shirt, shoal, shock, shoed, shoes, shone, shook, shoot, shops, shore, shorn, short, shots, shout, shove, shown, shows, showy, shred, shrew, shrub, shrug, shuns, shunt, shuts, shyly, sided, sides, siege, sieve, sighs, sight, sigma, signs, silks, silky, sills, silly, silts, since, sines, sinew, singe, sings, sinks, sinus, sired, siren, sires, sirup, sited, sites, sixes, sixth, sixty, sized, sizes, skate, skews, skied, skies, skiff, skill, skimp, skims, skins, skips, skirt, skulk, skull, skunk, slack, slain, slams, slang, slant, slaps, slash, slate, slats, slave, slays, sleds, sleek, sleep, sleet, slept, slice, slick, slide, slime, slimy, sling, slips, slits, sloop, slope, slops, sloth, slots, slows, slugs, slump, slums, slung, slurp, slurs, slyly, smack, small, smart, smash, smear, smell, smelt, smile, smirk, smite, smith, smock, smoke, smoky, smote, snack, snafu, snail, snake, snaps, snare, snark, snarl, sneak, sneer, sniff, snipe, snoop, snore, snort, snout, snows, snowy, snuff, soaks, soaps, soapy, soars, sober, socks, sofas, soggy, soils, solar, soles, solid, solos, solve, sonar, songs, sonic, sonny, sooth, sorer, sores, sorry, sorts, souls, sound, soups, sours, south, space, spank, spans, spare, spark, spasm, spate, spawn, speak, spear, speck, speed, spell, spend, spent, sperm, spice, spicy, spies, spike, spill, spilt, spine, spins, spiny, spire, spite, spits, split, spoil, spoke, spoof, spook, spool, spoon, spore, sport, spots, spout, spray, spree, sprig, spunk, spurn, spurs, spurt, squad, squat, squaw, squid, stabs, stack, staff, stage, stags, staid, stain, stair, stake, stale, stalk, stall, stamp, stand, stare, stark, stars, start, state, stave, stays, stead, steak, steal, steam, steed, steel, steep, steer, stems, steps, stern, stews, stick, stiff, stile, still, stilt, sting, stink, stint, stirs, stock, stoke, stole, stomp, stony, stood, stool, stoop, stops, store, stork, storm, story, stout, stove, strap, straw, stray, strew, strip, strut, stubs, stuck, studs, study, stuff, stump, stung, stunt, style, styli, suave, sucks, sugar, suing, suite, suits, sulfa, sulks, sulky, sumac, sunny, super, surge, surly, swain, swami, swamp, swank, swans, swaps, swarm, swear, sweat, sweep, sweet, swell, swept, swift, swims, swine, swing, swipe, swirl, swish, swiss, swoon, swoop, sword, swore, sworn, swung, synod, syrup, 
116:	table, taboo, tacit, tails, taint, taken, taker, takes, tales, talks, tally, tamed, tamer, tames, tangy, tanks, taped, taper, tapes, tardy, tarry, tasks, taste, taunt, tawny, taxed, taxes, taxis, teach, teams, tears, tease, teems, teens, teeth, tells, tempt, tends, tenor, tense, tenth, tents, terms, tests, texts, thank, thats, thaws, theft, their, theme, there, these, thick, thief, thigh, thing, think, third, thong, thorn, those, three, threw, throb, throw, thuds, thugs, thumb, thump, ticks, tidal, tided, tides, tiers, tiger, tight, tilde, tiled, tiles, tills, tilts, timed, timer, times, timid, tinge, tinny, tints, tired, tires, tithe, title, toads, toast, today, toils, token, tolls, tombs, toned, toner, tones, tongs, tonic, tools, tooth, toper, topic, torch, torus, total, touch, tough, tours, towed, towel, tower, towns, toyed, trace, track, tract, trade, trail, train, trait, tramp, traps, trash, trays, tread, treat, trees, treks, trend, tress, trial, tribe, trick, tried, trier, tries, trill, trims, trips, troll, troop, trots, trout, truce, truck, trued, truer, trues, truly, trump, trunk, trust, truth, tuber, tubes, tucks, tufts, tulip, tumor, tuned, tuner, tunes, tunic, tuple, turns, tutor, twain, twang, tweed, twice, twigs, twill, twine, twins, twirl, twist, tying, typed, types, 
117:	ulcer, ultra, unary, uncle, under, undid, undue, unfit, unify, union, unite, units, unity, untie, until, upper, upset, urban, urged, urges, urine, usage, users, usher, using, usual, usurp, utter, 
118:	vacuo, vague, vales, valet, valid, valor, value, valve, vanes, vapor, vases, vault, vaunt, veers, veils, veins, venom, vents, verbs, verge, versa, verse, vests, vexed, vexes, vials, vices, video, views, vigor, villa, vines, viper, virus, visas, visit, visor, vista, vitae, vital, vivid, vocal, vogue, voice, voids, volts, vomit, voted, voter, votes, vouch, vowed, vowel, vower, 
119:	wacky, waded, wader, wades, wafer, waged, wager, wages, wagon, wails, waist, waits, waive, waked, waken, wakes, wales, walks, waltz, waned, wanes, wanly, wants, wards, wares, warms, warns, warps, warts, wasps, waste, watch, water, waved, waver, waves, waxed, waxen, waxer, waxes, wears, weary, weave, wedge, weeds, weeps, weigh, weird, welds, welsh, wench, wetly, whack, whale, wharf, wheat, wheel, whelp, where, which, while, whims, whine, whips, whirl, whirr, whisk, white, whole, whoop, whore, whorl, whose, wicks, widen, wider, widow, width, wield, wiles, wilts, wince, winds, windy, wined, winer, wines, wings, winks, wiped, wiper, wipes, wired, wires, wised, wiser, wisps, witch, witty, wives, woman, wombs, women, woody, wooed, wooer, woofs, wools, words, wordy, works, world, worms, worry, worse, worst, worth, would, wound, woven, wraps, wrath, wreak, wreck, wrens, wrest, wring, wrist, write, writs, wrong, wrote, wrung, 
120:	
121:	yanks, yards, yarns, yearn, years, yeast, yelps, yield, yokes, young, yours, youth, 
122:	zebra, zeros, zonal, zoned, zones, zooms, 
123:	
124:	
125:	
126:	
127:	
128:	
129:	
130:	
131:	
132:	
133:	
134:	
135:	
136:	
137:	
138:	
139:	
140:	
141:	
142:	
143:	
144:	
145:	
146:	
147:	
148:	
149:	
150:	
151:	
152:	
153:	
154:	
155:	
156:	
157:	
158:	
159:	
160:	
161:	
162:	
163:	
164:	
165:	
166:	
167:	
168:	
169:	
170:	
171:	
172:	
173:	
174:	
175:	
176:	
177:	
178:	
179:	
180:	
181:	
182:	
183:	
184:	
185:	
186:	
187:	
188:	
189:	
190:	
191:	
192:	
193:	
194:	
195:	
196:	
197:	
198:	
199:	
200:	
201:	
202:	
203:	
204:	
205:	
206:	
207:	
208:	
209:	
210:	
211:	
212:	
213:	
214:	
215:	
216:	
217:	
218:	
219:	
220:	
221:	
222:	
223:	
224:	
225:	
226:	
227:	
228:	
229:	
230:	
231:	
232:	
233:	
234:	
235:	
236:	
237:	
238:	
239:	
240:	
241:	
242:	
243:	
244:	
245:	
246:	
247:	
248:	
249:	
250:	
251:	
252:	
253:	
254:	
255:	
256:	
257:	
258:	
259:	
260:	
261:	
262:	
263:	
264:	
265:	
266:	
267:	
268:	
269:	
270:	
271:	
272:	
273:	
274:	
275:	
276:	
277:	
278:	
279:	
280:	
281:	
282:	
283:	
284:	
285:	
286:	
287:	
288:	
289:	
290:	
291:	
292:	
293:	
294:	
295:	
296:	
297:	
298:	
299:	
300:	
301:	
302:	
303:	
304:	
305:	
306:	
307:	
308:	
309:	
310:	
311:	
312:	
313:	
314:	
315:	
316:	
317:	
318:	
319:	
320:	
321:	
322:	
323:	
324:	
325:	
326:	
327:	
328:	
329:	
330:	
331:	
332:	
333:	
334:	
335:	
336:	
337:	
338:	
339:	
340:	
341:	
342:	
343:	
344:	
345:	
346:	
347:	
348:	
349:	
350:	
351:	
352:	
353:	
354:	
355:	
356:	
357:	
358:	
359:	
360:	
361:	
362:	
363:	
364:	
365:	
366:	
367:	
368:	
369:	
370:	
371:	
372:	
373:	
374:	
375:	
376:	
377:	
378:	
379:	
380:	
381:	
382:	
383:	
384:	
385:	
386:	
387:	
388:	
389:	
390:	
391:	
392:	
393:	
394:	
395:	
396:	
397:	
398:	
399:	
400:	
401:	
402:	
403:	
404:	
405:	
406:	
407:	
408:	
409:	
410:	
411:	
412:	
413:	
414:	
415:	
416:	
417:	
418:	
419:	
420:	
421:	
422:	
423:	
424:	
425:	
426:	
427:	
428:	
429:	
430:	
431:	
432:	
433:	
434:	
435:	
436:	
437:	
438:	
439:	
440:	
441:	
442:	
443:	
444:	
445:	
446:	
447:	
448:	
449:	
450:	
451:	
452:	
453:	
454:	
455:	
456:	
457:	
458:	
459:	
460:	
461:	
462:	
463:	
464:	
465:	
466:	
467:	
468:	
469:	
470:	
471:	
472:	
473:	
474:	
475:	
476:	
477:	
478:	
479:	
480:	
481:	
482:	
483:	
484:	
485:	
486:	
487:	
488:	
489:	
490:	
491:	
492:	
493:	
494:	
495:	
496:	
497:	
498:	
499:	
500:	
501:	
502:	
503:	
504:	
505:	
506:	
507:	
508:	
509:	
510:	
511:	
512:	
513:	
514:	
515:	
516:	
517:	
518:	
519:	
520:	
521:	
522:	
523:	
524:	
525:	
526:	
527:	
528:	
529:	
530:	
531:	
532:	
533:	
534:	
535:	
536:	
537:	
538:	
539:	
540:	
541:	
542:	
543:	
544:	
545:	
546:	
547:	
548:	
549:	
550:	
551:	
552:	
553:	
554:	
555:	
556:	
557:	
558:	
559:	
560:	
561:	
562:	
563:	
564:	
565:	
566:	
567:	
568:	
569:	
570:	
571:	
572:	
573:	
574:	
575:	
576:	
577:	
578:	
579:	
580:	
581:	
582:	
583:	
584:	
585:	
586:	
587:	
588:	
589:	
590:	
591:	
592:	
593:	
594:	
595:	
596:	
597:	
598:	
599:	
600:	
601:	
602:	
603:	
604:	
605:	
606:	
607:	
608:	
609:	
610:	
611:	
612:	
613:	
614:	
615:	
616:	
617:	
618:	
619:	
620:	
621:	
622:	
623:	
624:	
625:	
626:	
627:	
628:	
629:	
630:	
631:	
632:	
633:	
634:	
635:	
636:	
637:	
638:	
639:	
640:	
641:	
642:	
643:	
644:	
645:	
646:	
647:	
648:	
649:	
650:	
651:	
652:	
653:	
654:	
655:	
656:	
657:	
658:	
659:	
660:	
661:	
662:	
663:	
664:	
665:	
666:	
667:	
668:	
669:	
670:	
671:	
672:	
673:	
674:	
675:	
676:	
677:	
678:	
679:	
680:	
681:	
682:	
683:	
684:	
685:	
686:	
687:	
688:	
689:	
690:	
691:	
692:	
693:	
694:	
695:	
696:	
697:	
698:	
699:	
700:	
701:	
702:	
703:	
704:	
705:	
706:	
707:	
708:	
709:	
710:	
711:	
712:	
713:	
714:	
715:	
716:	
717:	
718:	
719:	
720:	
721:	
722:	
723:	
724:	
725:	
726:	
727:	
728:	
729:	
730:	
731:	
732:	
733:	
734:	
735:	
736:	
737:	
738:	
739:	
740:	
741:	
742:	
743:	
744:	
745:	
746:	
747:	
748:	
749:	
750:	
751:	
752:	
753:	
754:	
755:	
756:	
757:	
758:	
759:	
760:	
761:	
762:	
763:	
764:	
765:	
766:	
767:	
768:	
769:	
770:	
771:	
772:	
773:	
774:	
775:	
776:	
777:	
778:	
779:	
780:	
781:	
782:	
783:	
784:	
785:	
786:	
787:	
788:	
789:	
790:	
791:	
792:	
793:	
794:	
795:	
796:	
797:	
798:	
799:	
800:	
801:	
802:	
803:	
804:	
805:	
806:	
807:	
808:	
809:	
810:	
811:	
812:	
813:	
814:	
815:	
816:	
817:	
818:	
819:	
820:	
821:	
822:	
823:	
824:	
825:	
826:	
827:	
828:	
829:	
830:	
831:	
832:	
833:	
834:	
835:	
836:	
837:	
838:	
839:	
840:	
841:	
842:	
843:	
844:	
845:	
846:	
847:	
848:	
849:	
850:	
851:	
852:	
853:	
854:	
855:	
856:	
857:	
858:	
859:	
860:	
861:	
862:	
863:	
864:	
865:	
866:	
867:	
868:	
869:	
870:	
871:	
872:	
873:	
874:	
875:	
876:	
877:	
878:	
879:	
880:	
881:	
882:	
883:	
884:	
885:	
886:	
887:	
888:	
889:	
890:	
891:	
892:	
893:	
894:	
895:	
896:	
897:	
898:	
899:	
900:	
901:	
902:	
903:	
904:	
905:	
906:	
907:	
908:	
909:	
910:	
911:	
912:	
913:	
914:	
915:	
916:	
917:	
918:	
919:	
920:	
921:	
922:	
923:	
924:	
925:	
926:	
927:	
928:	
929:	
930:	
931:	
932:	
933:	
934:	
935:	
936:	
937:	
938:	
939:	
940:	
941:	
942:	
943:	
944:	
945:	
946:	
947:	
948:	
949:	
950:	
951:	
952:	
953:	
954:	
955:	
956:	
957:	
958:	
959:	
960:	
961:	
962:	
963:	
964:	
965:	
966:	
967:	
968:	
969:	
970:	
971:	
972:	
973:	
974:	
975:	
976:	
977:	
978:	
979:	
980:	
981:	
982:	
983:	
984:	
985:	
986:	
987:	
988:	
989:	
990:	
991:	
992:	
993:	
994:	
995:	
996:	
997:	
998:	
999:	
1000:	
1001:	
1002:	
1003:	
1004:	
1005:	
1006:	
1007:	
1008:	
1009:	
1010:	
1011:	
1012:	
1013:	
1014:	
1015:	
1016:	
1017:	
1018:	
1019:	
1020:	
1021:	
1022:	
1023:	
1024:	
1025:	
1026:	
1027:	
1028:	
1029:	
1030:	
1031:	
1032:	
1033:	
1034:	
1035:	
1036:	
1037:	
1038:	
1039:	
1040:	
1041:	
1042:	
1043:	
1044:	
1045:	
1046:	
1047:	
1048:	
1049:	
1050:	
1051:	
1052:	
1053:	
1054:	
1055:	
1056:	
1057:	
1058:	
1059:	
1060:	
1061:	
1062:	
1063:	
1064:	
1065:	
1066:	
1067:	
1068:	
1069:	
1070:	
1071:	
1072:	
1073:	
1074:	
1075:	
1076:	
1077:	
1078:	
1079:	
1080:	
1081:	
1082:	
1083:	
1084:	
1085:	
1086:	
1087:	
1088:	
1089:	
1090:	
1091:	
1092:	
1093:	
1094:	
1095:	
1096:	
1097:	
1098:	
1099:	
1100:	
1101:	
1102:	
1103:	
1104:	
1105:	
1106:	
1107:	
1108:	
1109:	
1110:	
1111:	
1112:	
1113:	
1114:	
1115:	
1116:	
1117:	
1118:	
1119:	
1120:	
1121:	
1122:	
1123:	
1124:	
1125:	
1126:	
1127:	
1128:	
1129:	
1130:	
1131:	
1132:	
1133:	
1134:	
1135:	
1136:	
1137:	
1138:	
1139:	
1140:	
1141:	
1142:	
1143:	
1144:	
1145:	
1146:	
1147:	
1148:	
1149:	
1150:	
1151:	
1152:	
1153:	
1154:	
1155:	
1156:	
1157:	
1158:	
1159:	
1160:	
1161:	
1162:	
1163:	
1164:	
1165:	
1166:	
1167:	
1168:	
1169:	
1170:	
1171:	
1172:	
1173:	
1174:	
1175:	
1176:	
1177:	
1178:	
1179:	
1180:	
1181:	
1182:	
1183:	
1184:	
1185:	
1186:	
1187:	
1188:	
1189:	
1190:	
1191:	
1192:	
1193:	
1194:	
1195:	
1196:	
1197:	
1198:	
1199:	
1200:	
1201:	
1202:	
1203:	
1204:	
1205:	
1206:	
1207:	
1208:	
1209:	
1210:	
1211:	
1212:	
1213:	
1214:	
1215:	
1216:	
1217:	
1218:	
1219:	
1220:	
1221:	
1222:	
1223:	
1224:	
1225:	
1226:	
1227:	
1228:	
1229:	
1230:	
1231:	
1232:	
1233:	
1234:	
1235:	
1236:	
1237:	
1238:	
1239:	
1240:	
1241:	
1242:	
1243:	
1244:	
1245:	
1246:	
1247:	
1248:	
1249:	
1250:	
1251:	
1252:	
1253:	
1254:	
1255:	
1256:	
1257:	
1258:	
1259:	
1260:	
1261:	
1262:	
1263:	
1264:	
1265:	
1266:	
1267:	
1268:	
1269:	
1270:	
1271:	
1272:	
1273:	
1274:	
1275:	
1276:	
1277:	
1278:	
1279:	
1280:	
1281:	
1282:	
1283:	
1284:	
1285:	
1286:	
1287:	
1288:	
1289:	
1290:	
1291:	
1292:	
1293:	
1294:	
1295:	
1296:	
1297:	
1298:	
1299:	
1300:	
1301:	
1302:	
1303:	
1304:	
1305:	
1306:	
1307:	
1308:	
1309:	
1310:	
1311:	
1312:	
1313:	
1314:	
1315:	
1316:	
1317:	
1318:	
1319:	
1320:	
1321:	
1322:	
1323:	
1324:	
1325:	
1326:	
1327:	
1328:	
1329:	
1330:	
1331:	
1332:	
1333:	
1334:	
1335:	
1336:	
1337:	
1338:	
1339:	
1340:	
1341:	
1342:	
1343:	
1344:	
1345:	
1346:	
1347:	
1348:	
1349:	
1350:	
1351:	
1352:	
1353:	
1354:	
1355:	
1356:	
1357:	
1358:	
1359:	
1360:	
1361:	
1362:	
1363:	
1364:	
1365:	
1366:	
1367:	
1368:	
1369:	
1370:	
1371:	
1372:	
1373:	
1374:	
1375:	
1376:	
1377:	
1378:	
1379:	
1380:	
1381:	
1382:	
1383:	
1384:	
1385:	
1386:	
1387:	
1388:	
1389:	
1390:	
1391:	
1392:	
1393:	
1394:	
1395:	
1396:	
1397:	
1398:	
1399:	
1400:	
1401:	
1402:	
1403:	
1404:	
1405:	
1406:	
1407:	
1408:	
1409:	
1410:	
1411:	
1412:	
1413:	
1414:	
1415:	
1416:	
1417:	
1418:	
1419:	
1420:	
1421:	
1422:	
1423:	
1424:	
1425:	
1426:	
1427:	
1428:	
1429:	
1430:	
1431:	
1432:	
1433:	
1434:	
1435:	
1436:	
1437:	
1438:	
1439:	
1440:	
1441:	
1442:	
1443:	
1444:	
1445:	
1446:	
1447:	
1448:	
1449:	
1450:	
1451:	
1452:	
1453:	
1454:	
1455:	
1456:	
1457:	
1458:	
1459:	
1460:	
1461:	
1462:	
1463:	
1464:	
1465:	
1466:	
1467:	
1468:	
1469:	
1470:	
1471:	
1472:	
1473:	
1474:	
1475:	
1476:	
1477:	
1478:	
1479:	
1480:	
1481:	
1482:	
1483:	
1484:	
1485:	
1486:	
1487:	
1488:	
1489:	
1490:	
1491:	
1492:	
1493:	
1494:	
1495:	
1496:	
1497:	
1498:	
1499:	
1500:	
1501:	
1502:	
1503:	
1504:	
1505:	
1506:	
1507:	
1508:	
1509:	
1510:	
1511:	
1512:	
1513:	
1514:	
1515:	
1516:	
1517:	
1518:	
1519:	
1520:	
1521:	
1522:	
1523:	
1524:	
1525:	
1526:	
1527:	
1528:	
1529:	
1530:	
1531:	
1532:	
1533:	
1534:	
1535:	
1536:	
1537:	
1538:	
1539:	
1540:	
1541:	
1542:	
1543:	
1544:	
1545:	
1546:	
1547:	
1548:	
1549:	
1550:	
1551:	
1552:	
1553:	
1554:	
1555:	
1556:	
1557:	
1558:	
1559:	
1560:	
1561:	
1562:	
1563:	
1564:	
1565:	
1566:	
1567:	
1568:	
1569:	
1570:	
1571:	
1572:	
1573:	
1574:	
1575:	
1576:	
1577:	
1578:	
1579:	
1580:	
1581:	
1582:	
1583:	
1584:	
1585:	
1586:	
1587:	
1588:	
1589:	
1590:	
1591:	
1592:	
1593:	
1594:	
1595:	
1596:	
1597:	
1598:	
1599:	
1600:	
1601:	
1602:	
1603:	
1604:	
1605:	
1606:	
1607:	
1608:	
1609:	
1610:	
1611:	
1612:	
1613:	
1614:	
1615:	
1616:	
1617:	
1618:	
1619:	
1620:	
1621:	
1622:	
1623:	
1624:	
1625:	
1626:	
1627:	
1628:	
1629:	
1630:	
1631:	
1632:	
1633:	
1634:	
1635:	
1636:	
1637:	
1638:	
1639:	
1640:	
1641:	
1642:	
1643:	
1644:	
1645:	
1646:	
1647:	
1648:	
1649:	
1650:	
1651:	
1652:	
1653:	
1654:	
1655:	
1656:	
1657:	
1658:	
1659:	
1660:	
1661:	
1662:	
1663:	
1664:	
1665:	
1666:	
1667:	
1668:	
1669:	
1670:	
1671:	
1672:	
1673:	
1674:	
1675:	
1676:	
1677:	
1678:	
1679:	
1680:	
1681:	
1682:	
1683:	
1684:	
1685:	
1686:	
1687:	
1688:	
1689:	
1690:	
1691:	
1692:	
1693:	
1694:	
1695:	
1696:	
1697:	
1698:	
1699:	
1700:	
1701:	
1702:	
1703:	
1704:	
1705:	
1706:	
1707:	
1708:	
1709:	
1710:	
1711:	
1712:	
1713:	
1714:	
1715:	
1716:	
1717:	
1718:	
1719:	
1720:	
1721:	
1722:	
1723:	
1724:	
1725:	
1726:	
1727:	
1728:	
1729:	
1730:	
1731:	
1732:	
1733:	
1734:	
1735:	
1736:	
1737:	
1738:	
1739:	
1740:	
1741:	
1742:	
1743:	
1744:	
1745:	
1746:	
1747:	
1748:	
1749:	
1750:	
1751:	
1752:	
1753:	
1754:	
1755:	
1756:	
1757:	
1758:	
1759:	
1760:	
1761:	
1762:	
1763:	
1764:	
1765:	
1766:	
1767:	
1768:	
1769:	
1770:	
1771:	
1772:	
1773:	
1774:	
1775:	
1776:	
1777:	
1778:	
1779:	
1780:	
1781:	
1782:	
1783:	
1784:	
1785:	
1786:	
1787:	
1788:	
1789:	
1790:	
1791:	
1792:	
1793:	
1794:	
1795:	
1796:	
1797:	
1798:	
1799:	
1800:	
1801:	
1802:	
1803:	
1804:	
1805:	
1806:	
1807:	
1808:	
1809:	
1810:	
1811:	
1812:	
1813:	
1814:	
1815:	
1816:	
1817:	
1818:	
1819:	
1820:	
1821:	
1822:	
1823:	
1824:	
1825:	
1826:	
1827:	
1828:	
1829:	
1830:	
1831:	
1832:	
1833:	
1834:	
1835:	
1836:	
1837:	
1838:	
1839:	
1840:	
1841:	
1842:	
1843:	
1844:	
1845:	
1846:	
1847:	
1848:	
1849:	
1850:	
1851:	
1852:	
1853:	
1854:	
1855:	
1856:	
1857:	
1858:	
1859:	
1860:	
1861:	
1862:	
1863:	
1864:	
1865:	
1866:	
1867:	
1868:	
1869:	
1870:	
1871:	
1872:	
1873:	
1874:	
1875:	
1876:	
1877:	
1878:	
1879:	
1880:	
1881:	
1882:	
1883:	
1884:	
1885:	
1886:	
1887:	
1888:	
1889:	
1890:	
1891:	
1892:	
1893:	
1894:	
1895:	
1896:	
1897:	
1898:	
1899:	
1900:	
1901:	
1902:	
1903:	
1904:	
1905:	
1906:	
1907:	
1908:	
1909:	
1910:	
1911:	
1912:	
1913:	
1914:	
1915:	
1916:	
1917:	
1918:	
1919:	
1920:	
1921:	
1922:	
1923:	
1924:	
1925:	
1926:	
1927:	
1928:	
1929:	
1930:	
1931:	
1932:	
1933:	
1934:	
1935:	
1936:	
1937:	
1938:	
1939:	
1940:	
1941:	
1942:	
1943:	
1944:	
1945:	
1946:	
1947:	
1948:	
1949:	
1950:	
1951:	
1952:	
1953:	
1954:	
1955:	
1956:	
1957:	
1958:	
1959:	
1960:	
1961:	
1962:	
1963:	
1964:	
1965:	
1966:	
1967:	
1968:	
1969:	
1970:	
1971:	
1972:	
1973:	
1974:	
1975:	
1976:	
1977:	
1978:	
1979:	
1980:	
1981:	
1982:	
1983:	
1984:	
1985:	
1986:	
1987:	
1988:	
1989:	
1990:	
1991:	
1992:	
1993:	
1994:	
1995:	
1996:	
1997:	
1998:	
1999:	
